<?xml version="1.0" encoding="UTF-8"?>
<!-- Generated by org.testng.reporters.JUnitReportReporter -->
<testsuite hostname="bhavinthumar" failures="0" tests="1" name="com.Meydan.MainPage.CompanyCreate_MainPage" time="105.583" errors="0" timestamp="2022-12-16T16:15:58 IST" skipped="0">
  <testcase classname="com.Meydan.MainPage.CompanyCreate_MainPage" name="firstCompany" time="105.583"/>
  <system-out/>
</testsuite> <!-- com.Meydan.MainPage.CompanyCreate_MainPage -->
