<?xml version="1.0" encoding="UTF-8"?>
<!-- Generated by org.testng.reporters.JUnitReportReporter -->
<testsuite hostname="DESKTOP-O9OR2BF" failures="0" tests="1" name="com.Meydan.MainPage.CompanyCreate_MainPage" time="187.264" errors="0" timestamp="2022-12-17T16:54:11 IST" skipped="0">
  <testcase classname="com.Meydan.MainPage.CompanyCreate_MainPage" name="firstCompany" time="187.264"/>
  <system-out/>
</testsuite> <!-- com.Meydan.MainPage.CompanyCreate_MainPage -->
