<?xml version="1.0" encoding="UTF-8"?>
<!-- Generated by org.testng.reporters.JUnitReportReporter -->
<testsuite hostname="DESKTOP-O9OR2BF" failures="0" tests="1" name="com.Meydan.MainPage.CompanyCreate_MainPage" time="167.314" errors="0" timestamp="2022-12-18T17:23:42 IST" skipped="0">
  <testcase classname="com.Meydan.MainPage.CompanyCreate_MainPage" name="firstCompany" time="167.314"/>
  <system-out/>
</testsuite> <!-- com.Meydan.MainPage.CompanyCreate_MainPage -->
