<?xml version="1.0" encoding="UTF-8"?>
<!-- Generated by org.testng.reporters.JUnitReportReporter -->
<testsuite hostname="DESKTOP-O9OR2BF" failures="0" tests="1" name="com.Meydan.MainPage.CompanyCreate_MainPage" time="59.425" errors="0" timestamp="2022-12-14T21:41:19 IST" skipped="0">
  <testcase classname="com.Meydan.MainPage.CompanyCreate_MainPage" name="firstCompany" time="59.425"/>
  <system-out/>
</testsuite> <!-- com.Meydan.MainPage.CompanyCreate_MainPage -->
