<?xml version="1.0" encoding="UTF-8"?>
<!-- Generated by org.testng.reporters.JUnitReportReporter -->
<testsuite hostname="bhavinthumar" failures="0" tests="1" name="com.Meydan.MainPage.CompanyCreate_MainPage" time="61.794" errors="0" timestamp="2022-12-14T16:03:39 IST" skipped="0">
  <testcase classname="com.Meydan.MainPage.CompanyCreate_MainPage" name="firstCompany" time="61.794"/>
  <system-out/>
</testsuite> <!-- com.Meydan.MainPage.CompanyCreate_MainPage -->
